2026-03-08 09:24:08,461 - INFO - Obteniendo simbolos SWAP de BingX...
2026-03-08 09:24:08,890 - INFO - Simbolos obtenidos: 629
2026-03-08 09:24:08,891 - INFO - Descargando datos de 100 simbolos [1h, 100 velas]...
2026-03-08 09:24:49,799 - INFO - Descargados: 100/100
2026-03-08 09:24:49,802 - INFO - Analizando 100 simbolos con preset 'balanced'...
2026-03-08 09:24:51,980 - INFO - Resultados guardados: signals_20260308_092451.json
2026-03-08 11:44:40,505 - INFO - Iniciando BOT27 v2...
2026-03-08 11:44:40,506 - INFO - BOT27 listo | Preset:balanced | Interval:1h | DryRun:True
2026-03-08 11:46:35,520 - INFO - Iniciando BOT27 v2...
2026-03-08 11:46:35,521 - INFO - BOT27 listo | Preset:balanced | Interval:1h | DryRun:True
2026-03-08 11:47:03,780 - INFO - Iniciando BOT27 v2...
2026-03-08 11:47:03,781 - INFO - BOT27 listo | Preset:balanced | Interval:1h | DryRun:True
2026-03-08 11:48:52,661 - INFO - Iniciando BOT27 v2...
2026-03-08 11:48:52,663 - INFO - BOT27 listo | Preset:balanced | Interval:1h | DryRun:True
2026-03-08 11:48:54,204 - INFO - ============================================================
2026-03-08 11:48:54,212 - INFO - CICLO #1 - 2026-03-08 11:48:54
2026-03-08 11:48:54,214 - INFO - Obteniendo simbolos SWAP de BingX...
2026-03-08 11:48:55,220 - INFO - Simbolos obtenidos: 629
2026-03-08 11:48:55,222 - INFO - Descargando datos de 100 simbolos [1h, 100 velas]...
2026-03-08 11:49:36,813 - INFO - Descargados: 100/100
2026-03-08 11:49:36,844 - INFO - SENAL SHORT BTC-USDT conf:75% RSI:73.0 TRENDING_DOWN
2026-03-08 11:49:37,688 - INFO - Abriendo SHORT BTC-USDT | size:14.74 | sl:68500.568401 | tp:66907.052665
2026-03-08 11:49:37,690 - INFO - Trade registrado: BTC-USDT_1772966977 | SHORT BTC-USDT
2026-03-08 11:49:38,411 - INFO - SENAL SHORT BCH-USDT conf:75% RSI:76.0 TRENDING_DOWN
2026-03-08 11:49:39,334 - INFO - Abriendo SHORT BCH-USDT | size:14.74 | sl:457.955990 | tp:445.700017
2026-03-08 11:49:39,336 - INFO - Trade registrado: BCH-USDT_1772966979 | SHORT BCH-USDT
2026-03-08 11:49:40,088 - INFO - SENAL SHORT XRP-USDT conf:75% RSI:74.6 TRENDING_DOWN
2026-03-08 11:49:40,879 - INFO - Abriendo SHORT XRP-USDT | size:14.74 | sl:1.380852 | tp:1.346313
2026-03-08 11:49:40,882 - INFO - Trade registrado: XRP-USDT_1772966980 | SHORT XRP-USDT
2026-03-08 11:49:41,628 - INFO - SENAL SHORT DOT-USDT conf:75% RSI:71.5 TRENDING_DOWN
2026-03-08 11:49:42,407 - INFO - SENAL SHORT AVAX-USDT conf:75% RSI:70.1 TRENDING_DOWN
2026-03-08 11:49:43,038 - INFO - SENAL SHORT THETA-USDT conf:75% RSI:70.4 TRENDING_DOWN
2026-03-08 11:49:44,007 - INFO - SENAL SHORT SHIB-USDT conf:75% RSI:65.1 TRENDING_DOWN
2026-03-08 11:49:44,728 - INFO - SENAL SHORT SAND-USDT conf:75% RSI:70.7 TRENDING_DOWN
2026-03-08 11:49:45,482 - INFO - SENAL SHORT SOL-USDT conf:75% RSI:66.9 TRENDING_DOWN
2026-03-08 11:49:46,174 - INFO - SENAL LONG NEAR-USDT conf:80% RSI:77.3 TRENDING_DOWN
2026-03-08 11:49:47,097 - INFO - SENAL SHORT DOGE-USDT conf:75% RSI:67.7 TRENDING_DOWN
2026-03-08 11:49:47,834 - INFO - SENAL SHORT MANA-USDT conf:75% RSI:69.2 TRENDING_DOWN
2026-03-08 11:49:48,995 - INFO - SENAL LONG GRT-USDT conf:80% RSI:72.8 TRENDING_DOWN
2026-03-08 11:49:49,965 - INFO - SENAL SHORT AR-USDT conf:75% RSI:71.0 TRENDING_DOWN
2026-03-08 11:49:50,850 - INFO - SENAL SHORT XLM-USDT conf:75% RSI:69.9 TRENDING_DOWN
2026-03-08 11:49:51,708 - INFO - SENAL LONG ONE-USDT conf:80% RSI:68.6 TRENDING_DOWN
2026-03-08 11:49:52,394 - INFO - SENAL SHORT EGLD-USDT conf:75% RSI:75.4 TRENDING_DOWN
2026-03-08 11:49:53,078 - INFO - SENAL SHORT HBAR-USDT conf:75% RSI:65.8 TRENDING_DOWN
2026-03-08 11:49:54,236 - INFO - SENAL SHORT ZIL-USDT conf:75% RSI:75.5 TRENDING_DOWN
2026-03-08 11:49:55,000 - INFO - SENAL SHORT GMT-USDT conf:75% RSI:69.2 TRENDING_DOWN
2026-03-08 11:49:55,709 - INFO - SENAL SHORT RVN-USDT conf:75% RSI:68.0 TRENDING_DOWN
2026-03-08 11:49:56,795 - INFO - SENAL LONG SLP-USDT conf:80% RSI:67.2 TRENDING_DOWN
2026-03-08 11:49:57,636 - INFO - SENAL LONG ANKR-USDT conf:75% RSI:34.8 TRENDING_UP
2026-03-08 11:49:58,876 - INFO - SENAL SHORT WOO-USDT conf:75% RSI:72.0 TRENDING_DOWN
2026-03-08 11:50:00,713 - INFO - SENAL SHORT CRO-USDT conf:75% RSI:71.2 TRENDING_DOWN
2026-03-08 11:50:02,153 - INFO - SENAL LONG LUNA-USDT conf:80% RSI:75.7 TRENDING_DOWN
2026-03-08 11:50:03,676 - INFO - SENAL SHORT APT-USDT conf:75% RSI:70.0 TRENDING_DOWN
2026-03-08 11:50:04,676 - INFO - SENAL SHORT ARPA-USDT conf:75% RSI:67.3 TRENDING_DOWN
2026-03-08 11:50:05,810 - INFO - SENAL SHORT MAGIC-USDT conf:75% RSI:67.7 TRENDING_DOWN
2026-03-08 11:50:07,034 - INFO - Ciclo #1: LONG:6 SHORT:23 NEUTRAL:71 Balance:32.76
2026-03-08 11:50:07,042 - INFO - Ciclo #1 OK. Esperando 3600s...
